Aug 30 11:12:37 127.0.0.1 (pid 1599) :Pri:ERREUR: fonction execute_pipeline_declarer_tables_principales absente : pipeline desactive
Aug 30 11:12:37 127.0.0.1 (pid 1599) :Pri:ERREUR: fonction execute_pipeline_declarer_tables_auxiliaires absente : pipeline desactive
Aug 30 11:12:37 127.0.0.1 (pid 1599) :Pri:ERREUR: fonction execute_pipeline_declarer_tables_objets_sql absente : pipeline desactive
Aug 30 11:12:37 127.0.0.1 (pid 1599) :Pri:ERREUR: fonction execute_pipeline_declarer_tables_interfaces absente : pipeline desactive
Aug 30 11:12:37 127.0.0.1 (pid 1599) :Pri:ERREUR: fonction execute_pipeline_declarer_type_surnoms absente : pipeline desactive
Aug 30 11:12:43 127.0.0.1 (pid 2870) :Pri:ERREUR: fonction execute_pipeline_declarer_tables_principales absente : pipeline desactive
Aug 30 11:12:43 127.0.0.1 (pid 2870) :Pri:ERREUR: fonction execute_pipeline_declarer_tables_auxiliaires absente : pipeline desactive
Aug 30 11:12:43 127.0.0.1 (pid 2870) :Pri:ERREUR: fonction execute_pipeline_declarer_tables_objets_sql absente : pipeline desactive
Aug 30 11:12:43 127.0.0.1 (pid 2870) :Pri:ERREUR: fonction execute_pipeline_declarer_tables_interfaces absente : pipeline desactive
Aug 30 11:12:43 127.0.0.1 (pid 2870) :Pri:ERREUR: fonction execute_pipeline_declarer_type_surnoms absente : pipeline desactive
Aug 30 11:12:43 127.0.0.1 (pid 2870) :Pri:ERREUR: fonction execute_pipeline_declarer_tables_principales absente : pipeline desactive
Aug 30 11:12:43 127.0.0.1 (pid 2870) :Pri:ERREUR: fonction execute_pipeline_declarer_tables_auxiliaires absente : pipeline desactive
Aug 30 11:12:43 127.0.0.1 (pid 2870) :Pri:ERREUR: fonction execute_pipeline_declarer_tables_objets_sql absente : pipeline desactive
Aug 30 11:12:43 127.0.0.1 (pid 2870) :Pri:ERREUR: fonction execute_pipeline_declarer_tables_interfaces absente : pipeline desactive
Aug 30 11:12:43 127.0.0.1 (pid 2870) :Pri:ERREUR: fonction execute_pipeline_declarer_type_surnoms absente : pipeline desactive
Aug 30 11:12:43 127.0.0.1 (pid 2870) :Pri:ERREUR: fonction execute_pipeline_pre_typo absente : pipeline desactive
Aug 30 11:12:43 127.0.0.1 (pid 2870) :Pri:ERREUR: fonction execute_pipeline_post_typo absente : pipeline desactive
Aug 30 11:12:43 127.0.0.1 (pid 2870) :Pri:ERREUR: fonction execute_pipeline_pre_typo absente : pipeline desactive
Aug 30 11:12:43 127.0.0.1 (pid 2870) :Pri:ERREUR: fonction execute_pipeline_post_typo absente : pipeline desactive
Aug 30 11:12:43 127.0.0.1 (pid 2870) :Pri:ERREUR: fonction execute_pipeline_pre_typo absente : pipeline desactive
Aug 30 11:12:43 127.0.0.1 (pid 2870) :Pri:ERREUR: fonction execute_pipeline_post_typo absente : pipeline desactive
Aug 30 11:12:43 127.0.0.1 (pid 2870) :Pri:ERREUR: fonction execute_pipeline_pre_typo absente : pipeline desactive
Aug 30 11:12:43 127.0.0.1 (pid 2870) :Pri:ERREUR: fonction execute_pipeline_post_typo absente : pipeline desactive
Aug 30 11:12:43 127.0.0.1 (pid 2870) :Pri:ERREUR: fonction execute_pipeline_pre_typo absente : pipeline desactive
Aug 30 11:12:43 127.0.0.1 (pid 2870) :Pri:ERREUR: fonction execute_pipeline_post_typo absente : pipeline desactive
Aug 30 11:12:43 127.0.0.1 (pid 2870) :Pri:ERREUR: fonction execute_pipeline_pre_typo absente : pipeline desactive
Aug 30 11:12:43 127.0.0.1 (pid 2870) :Pri:ERREUR: fonction execute_pipeline_post_typo absente : pipeline desactive
Aug 30 11:12:43 127.0.0.1 (pid 2870) :Pri:ERREUR: fonction execute_pipeline_pre_typo absente : pipeline desactive
Aug 30 11:12:43 127.0.0.1 (pid 2870) :Pri:ERREUR: fonction execute_pipeline_post_typo absente : pipeline desactive
Aug 30 11:12:43 127.0.0.1 (pid 2870) :Pri:ERREUR: fonction execute_pipeline_pre_typo absente : pipeline desactive
Aug 30 11:12:43 127.0.0.1 (pid 2870) :Pri:ERREUR: fonction execute_pipeline_post_typo absente : pipeline desactive
Aug 30 11:12:43 127.0.0.1 (pid 2870) :Pri:ERREUR: fonction execute_pipeline_pre_typo absente : pipeline desactive
Aug 30 11:12:43 127.0.0.1 (pid 2870) :Pri:ERREUR: fonction execute_pipeline_post_typo absente : pipeline desactive
Aug 30 11:14:02 127.0.0.1 (pid 2867) :Pri:ERREUR: fonction execute_pipeline_declarer_tables_principales absente : pipeline desactive
Aug 30 11:14:02 127.0.0.1 (pid 2867) :Pri:ERREUR: fonction execute_pipeline_declarer_tables_auxiliaires absente : pipeline desactive
Aug 30 11:14:02 127.0.0.1 (pid 2867) :Pri:ERREUR: fonction execute_pipeline_declarer_tables_objets_sql absente : pipeline desactive
Aug 30 11:14:02 127.0.0.1 (pid 2867) :Pri:ERREUR: fonction execute_pipeline_declarer_tables_interfaces absente : pipeline desactive
Aug 30 11:14:02 127.0.0.1 (pid 2867) :Pri:ERREUR: fonction execute_pipeline_declarer_type_surnoms absente : pipeline desactive
Aug 30 11:14:02 127.0.0.1 (pid 2867) :Pri:ERREUR: fonction execute_pipeline_pre_typo absente : pipeline desactive
Aug 30 11:14:02 127.0.0.1 (pid 2867) :Pri:ERREUR: fonction execute_pipeline_post_typo absente : pipeline desactive
Aug 30 11:14:02 127.0.0.1 (pid 2867) :Pri:ERREUR: fonction execute_pipeline_pre_typo absente : pipeline desactive
Aug 30 11:14:02 127.0.0.1 (pid 2867) :Pri:ERREUR: fonction execute_pipeline_post_typo absente : pipeline desactive
Aug 30 11:14:02 127.0.0.1 (pid 2867) :Pri:ERREUR: fonction execute_pipeline_pre_typo absente : pipeline desactive
Aug 30 11:14:02 127.0.0.1 (pid 2867) :Pri:ERREUR: fonction execute_pipeline_post_typo absente : pipeline desactive
Aug 30 11:14:02 127.0.0.1 (pid 2867) :Pri:ERREUR: fonction execute_pipeline_pre_typo absente : pipeline desactive
Aug 30 11:14:02 127.0.0.1 (pid 2867) :Pri:ERREUR: fonction execute_pipeline_post_typo absente : pipeline desactive
Aug 30 11:14:02 127.0.0.1 (pid 2867) :Pri:ERREUR: fonction execute_pipeline_pre_typo absente : pipeline desactive
Aug 30 11:14:02 127.0.0.1 (pid 2867) :Pri:ERREUR: fonction execute_pipeline_post_typo absente : pipeline desactive
Aug 30 11:14:02 127.0.0.1 (pid 2867) :Pri:ERREUR: fonction execute_pipeline_pre_typo absente : pipeline desactive
Aug 30 11:14:02 127.0.0.1 (pid 2867) :Pri:ERREUR: fonction execute_pipeline_post_typo absente : pipeline desactive
Aug 30 11:14:02 127.0.0.1 (pid 2867) :Pri:ERREUR: fonction execute_pipeline_pre_typo absente : pipeline desactive
Aug 30 11:14:02 127.0.0.1 (pid 2867) :Pri:ERREUR: fonction execute_pipeline_post_typo absente : pipeline desactive
Aug 30 11:14:02 127.0.0.1 (pid 2867) :Pri:ERREUR: fonction execute_pipeline_pre_typo absente : pipeline desactive
Aug 30 11:14:02 127.0.0.1 (pid 2867) :Pri:ERREUR: fonction execute_pipeline_post_typo absente : pipeline desactive
Aug 30 11:14:02 127.0.0.1 (pid 2867) :Pri:ERREUR: fonction execute_pipeline_pre_typo absente : pipeline desactive
Aug 30 11:14:02 127.0.0.1 (pid 2867) :Pri:ERREUR: fonction execute_pipeline_post_typo absente : pipeline desactive
Aug 30 11:14:07 127.0.0.1 (pid 2867) :Pri:ERREUR: fonction execute_pipeline_declarer_tables_principales absente : pipeline desactive
Aug 30 11:14:07 127.0.0.1 (pid 2867) :Pri:ERREUR: fonction execute_pipeline_declarer_tables_auxiliaires absente : pipeline desactive
Aug 30 11:14:07 127.0.0.1 (pid 2867) :Pri:ERREUR: fonction execute_pipeline_declarer_tables_objets_sql absente : pipeline desactive
Aug 30 11:14:07 127.0.0.1 (pid 2867) :Pri:ERREUR: fonction execute_pipeline_declarer_tables_interfaces absente : pipeline desactive
Aug 30 11:14:07 127.0.0.1 (pid 2867) :Pri:ERREUR: fonction execute_pipeline_declarer_type_surnoms absente : pipeline desactive
Aug 30 11:14:08 127.0.0.1 (pid 2867) :Pri:ERREUR: fonction execute_pipeline_pre_typo absente : pipeline desactive
Aug 30 11:14:08 127.0.0.1 (pid 2867) :Pri:ERREUR: fonction execute_pipeline_post_typo absente : pipeline desactive
Aug 30 11:14:08 127.0.0.1 (pid 2867) :Pri:ERREUR: fonction execute_pipeline_pre_typo absente : pipeline desactive
Aug 30 11:14:08 127.0.0.1 (pid 2867) :Pri:ERREUR: fonction execute_pipeline_post_typo absente : pipeline desactive
Aug 30 11:14:08 127.0.0.1 (pid 2867) :Pri:ERREUR: fonction execute_pipeline_pre_typo absente : pipeline desactive
Aug 30 11:14:08 127.0.0.1 (pid 2867) :Pri:ERREUR: fonction execute_pipeline_post_typo absente : pipeline desactive
Aug 30 11:14:08 127.0.0.1 (pid 2867) :Pri:ERREUR: fonction execute_pipeline_pre_typo absente : pipeline desactive
Aug 30 11:14:08 127.0.0.1 (pid 2867) :Pri:ERREUR: fonction execute_pipeline_post_typo absente : pipeline desactive
Aug 30 11:14:08 127.0.0.1 (pid 2867) :Pri:ERREUR: fonction execute_pipeline_pre_typo absente : pipeline desactive
Aug 30 11:14:08 127.0.0.1 (pid 2867) :Pri:ERREUR: fonction execute_pipeline_post_typo absente : pipeline desactive
Aug 30 11:14:08 127.0.0.1 (pid 2867) :Pri:ERREUR: fonction execute_pipeline_pre_typo absente : pipeline desactive
Aug 30 11:14:08 127.0.0.1 (pid 2867) :Pri:ERREUR: fonction execute_pipeline_post_typo absente : pipeline desactive
Aug 30 11:14:08 127.0.0.1 (pid 2867) :Pri:ERREUR: fonction execute_pipeline_pre_typo absente : pipeline desactive
Aug 30 11:14:08 127.0.0.1 (pid 2867) :Pri:ERREUR: fonction execute_pipeline_post_typo absente : pipeline desactive
Aug 30 11:14:08 127.0.0.1 (pid 2867) :Pri:ERREUR: fonction execute_pipeline_pre_typo absente : pipeline desactive
Aug 30 11:14:08 127.0.0.1 (pid 2867) :Pri:ERREUR: fonction execute_pipeline_post_typo absente : pipeline desactive
Aug 30 11:14:08 127.0.0.1 (pid 2867) :Pri:ERREUR: fonction execute_pipeline_pre_typo absente : pipeline desactive
Aug 30 11:14:08 127.0.0.1 (pid 2867) :Pri:ERREUR: fonction execute_pipeline_post_typo absente : pipeline desactive
Aug 30 11:14:22 127.0.0.1 (pid 1599) :Pri:ERREUR: fonction execute_pipeline_taches_generales_cron absente : pipeline desactive
Aug 30 11:14:22 127.0.0.1 (pid 1599) :Pri:CRITIQUE: Re-entrance anormale sur lister_tables_objets_sql :array (
  0 => 
  array (
    'file' => '/var/www/dev/spip/ecrire/base/trouver_table.php',
    'line' => 73,
    'function' => 'lister_tables_objets_sql',
    'args' => 
    array (
      0 => '::md5',
    ),
  ),
  1 => 
  array (
    'file' => '/var/www/dev/spip/ecrire/base/abstract_sql.php',
    'line' => 1289,
    'function' => 'base_trouver_table_dist',
    'args' => 
    array (
      0 => 'spip_meta',
      1 => '',
    ),
  ),
  2 => 
  array (
    'file' => '/var/www/dev/spip/ecrire/req/mysql.php',
    'line' => 865,
    'function' => 'description_table',
    'args' => 
    array (
      0 => 'spip_meta',
      1 => '',
    ),
  ),
  3 => 
  array (
    'file' => '/var/www/dev/spip/ecrire/base/abstract_sql.php',
    'line' => 494,
    'function' => 'spip_mysql_insertq',
    'args' => 
    array (
      0 => 'spip_meta',
      1 => 
      array (
        'nom' => 'langues_proposees',
        'valeur' => 'ar,ast,ay,bg,br,bs,ca,co,cpf,cpf_hat,cs,da,de,en,eo,es,eu,fa,fon,fr,gl,he,hu,id,it,it_fem,ja,km,lb,my,nl,oc_auv,oc_gsc,oc_lms,oc_lnc,oc_ni,oc_ni_la,oc_prv,oc_va,pl,pt,pt_br,ro,ru,sk,sv,tr,vi,zh',
      ),
      2 => 
      array (
      ),
      3 => '',
      4 => true,
    ),
  ),
  4 => 
  array (
    'file' => '/var/www/dev/spip/ecrire/inc/meta.php',
    'line' => 149,
    'function' => 'sql_insertq',
    'args' => 
    array (
      0 => 'spip_meta',
      1 => 
      array (
        'nom' => 'langues_proposees',
        'valeur' => 'ar,ast,ay,bg,br,bs,ca,co,cpf,cpf_hat,cs,da,de,en,eo,es,eu,fa,fon,fr,gl,he,hu,id,it,it_fem,ja,km,lb,my,nl,oc_auv,oc_gsc,oc_lms,oc_lnc,oc_ni,oc_ni_la,oc_prv,oc_va,pl,pt,pt_br,ro,ru,sk,sv,tr,vi,zh',
      ),
    ),
  ),
  5 => 
  array (
    'file' => '/var/www/dev/spip/ecrire/inc/lang.php',
    'line' => 414,
    'function' => 'ecrire_meta',
    'args' => 
    array (
      0 => 'langues_proposees',
      1 => 'ar,ast,ay,bg,br,bs,ca,co,cpf,cpf_hat,cs,da,de,en,eo,es,eu,fa,fon,fr,gl,he,hu,id,it,it_fem,ja,km,lb,my,nl,oc_auv,oc_gsc,oc_lms,oc_lnc,oc_ni,oc_ni_la,oc_prv,oc_va,pl,pt,pt_br,ro,ru,sk,sv,tr,vi,zh',
    ),
  ),
  6 => 
  array (
    'file' => '/var/www/dev/spip/ecrire/inc/lang.php',
    'line' => 445,
    'function' => 'init_langues',
    'args' => 
    array (
    ),
  ),
  7 => 
  array (
    'file' => '/var/www/dev/spip/ecrire/inc/utils.php',
    'line' => 951,
    'args' => 
    array (
      0 => '/var/www/dev/spip/ecrire/inc/lang.php',
    ),
    'function' => 'include_once',
  ),
  8 => 
  array (
    'file' => '/var/www/dev/spip/ecrire/inc/utils.php',
    'line' => 90,
    'function' => 'find_in_path',
    'args' => 
    array (
      0 => 'inc/lang.php',
      1 => '',
      2 => true,
    ),
  ),
  9 => 
  array (
    'file' => '/var/www/dev/spip/ecrire/inc/utils.php',
    'line' => 482,
    'function' => 'include_spip',
    'args' => 
    array (
      0 => 'inc/lang',
    ),
  ),
  10 => 
  array (
    'file' => '/var/www/dev/spip/ecrire/inc/genie.php',
    'line' => 177,
    'function' => '_T',
    'args' => 
    array (
      0 => 'tache_cron_secondes',
      1 => 
      array (
        'function' => 'queue_watch',
        'nb' => 86400,
      ),
    ),
  ),
  11 => 
  array (
    'file' => '/var/www/dev/spip/ecrire/inc/genie.php',
    'line' => 142,
    'function' => 'queue_genie_replan_job',
    'args' => 
    array (
      0 => 'queue_watch',
      1 => 86400,
      2 => 1346268479,
    ),
  ),
  12 => 
  array (
    'file' => '/var/www/dev/spip/ecrire/inc/plugin.php',
    'line' => 518,
    'function' => 'genie_queue_watch_dist',
    'args' => 
    array (
    ),
  ),
  13 => 
  array (
    'file' => '/var/www/dev/spip/ecrire/inc/plugin.php',
    'line' => 441,
    'function' => 'ecrire_plugin_actifs',
    'args' => 
    array (
      0 => '',
      1 => false,
      2 => 'force',
    ),
  ),
  14 => 
  array (
    'file' => '/var/www/dev/spip/ecrire/inc/utils.php',
    'line' => 138,
    'function' => 'actualise_plugins_actifs',
    'args' => 
    array (
    ),
  ),
  15 => 
  array (
    'file' => '/var/www/dev/spip/ecrire/base/objets.php',
    'line' => 331,
    'function' => 'pipeline',
    'args' => 
    array (
      0 => 'declarer_tables_principales',
      1 => 
      array (
        'spip_jobs' => 
        array (
          'field' => 
          array (
            'id_job' => 'bigint(21) NOT NULL',
            'descriptif' => 'text DEFAULT \'\' NOT NULL',
            'fonction' => 'varchar(255) NOT NULL',
            'args' => 'longblob DEFAULT \'\' NOT NULL',
            'md5args' => 'char(32) NOT NULL default \'\'',
            'inclure' => 'varchar(255) NOT NULL',
            'priorite' => 'smallint(6) NOT NULL default 0',
            'date' => 'datetime DEFAULT \'0000-00-00 00:00:00\' NOT NULL',
            'status' => 'tinyint NOT NULL default 1',
          ),
          'key' => 
          array (
            'PRIMARY KEY' => 'id_job',
            'KEY date' => 'date',
            'KEY status' => 'status',
          ),
        ),
      ),
    ),
  ),
  16 => 
  array (
    'file' => '/var/www/dev/spip/ecrire/base/trouver_table.php',
    'line' => 73,
    'function' => 'lister_tables_objets_sql',
    'args' => 
    array (
      0 => '::md5',
    ),
  ),
  17 => 
  array (
    'file' => '/var/www/dev/spip/ecrire/base/abstract_sql.php',
    'line' => 1289,
    'function' => 'base_trouver_table_dist',
    'args' => 
    array (
      0 => 'spip_meta',
      1 => '',
    ),
  ),
  18 => 
  array (
    'file' => '/var/www/dev/spip/ecrire/req/mysql.php',
    'line' => 865,
    'function' => 'description_table',
    'args' => 
    array (
      0 => 'spip_meta',
      1 => '',
    ),
  ),
  19 => 
  array (
    'file' => '/var/www/dev/spip/ecrire/base/abstract_sql.php',
    'line' => 494,
    'function' => 'spip_mysql_insertq',
    'args' => 
    array (
      0 => 'spip_meta',
      1 => 
      array (
        'nom' => 'charset',
        'valeur' => 'utf-8',
      ),
      2 => 
      array (
      ),
      3 => '',
      4 => true,
    ),
  ),
  20 => 
  array (
    'file' => '/var/www/dev/spip/ecrire/inc/meta.php',
    'line' => 149,
    'function' => 'sql_insertq',
    'args' => 
    array (
      0 => 'spip_meta',
      1 => 
      array (
        'nom' => 'charset',
        'valeur' => 'utf-8',
      ),
    ),
  ),
  21 => 
  array (
    'file' => '/var/www/dev/spip/ecrire/inc/meta.php',
    'line' => 72,
    'function' => 'ecrire_meta',
    'args' => 
    array (
      0 => 'charset',
      1 => 'utf-8',
      2 => NULL,
      3 => 'meta',
    ),
  ),
  22 => 
  array (
    'file' => '/var/www/dev/spip/ecrire/inc/meta.php',
    'line' => 38,
    'function' => 'lire_metas',
    'args' => 
    array (
      0 => 'meta',
    ),
  ),
  23 => 
  array (
    'file' => '/var/www/dev/spip/ecrire/inc/utils.php',
    'line' => 1600,
    'function' => 'inc_meta_dist',
    'args' => 
    array (
    ),
  ),
  24 => 
  array (
    'file' => '/var/www/dev/spip/ecrire/inc_version.php',
    'line' => 348,
    'function' => 'spip_initialisation_core',
    'args' => 
    array (
      0 => '../config/',
      1 => '../IMG/',
      2 => '../tmp/',
      3 => '../local/',
    ),
  ),
  25 => 
  array (
    'file' => '/var/www/dev/spip/ecrire/index.php',
    'line' => 14,
    'args' => 
    array (
      0 => '/var/www/dev/spip/ecrire/inc_version.php',
    ),
    'function' => 'include',
  ),
)
Aug 30 11:14:22 127.0.0.1 (pid 1599) :Pri:CRITIQUE: Re-entrance anormale sur lister_tables_objets_sql :array (
  0 => 
  array (
    'file' => '/var/www/dev/spip/ecrire/base/trouver_table.php',
    'line' => 73,
    'function' => 'lister_tables_objets_sql',
    'args' => 
    array (
      0 => '::md5',
    ),
  ),
  1 => 
  array (
    'file' => '/var/www/dev/spip/ecrire/base/abstract_sql.php',
    'line' => 1289,
    'function' => 'base_trouver_table_dist',
    'args' => 
    array (
      0 => 'spip_jobs',
      1 => '',
    ),
  ),
  2 => 
  array (
    'file' => '/var/www/dev/spip/ecrire/req/mysql.php',
    'line' => 865,
    'function' => 'description_table',
    'args' => 
    array (
      0 => 'spip_jobs',
      1 => '',
    ),
  ),
  3 => 
  array (
    'file' => '/var/www/dev/spip/ecrire/base/abstract_sql.php',
    'line' => 494,
    'function' => 'spip_mysql_insertq',
    'args' => 
    array (
      0 => 'spip_jobs',
      1 => 
      array (
        'fonction' => 'queue_watch',
        'descriptif' => 'Tache CRON queue_watch (toutes les 86400 s)',
        'args' => 'a:1:{i:0;d:1346268479;}',
        'md5args' => 'd089d12d37f6a73b41e7bcbaeb85eb28',
        'inclure' => 'genie/',
        'priorite' => 0,
        'date' => '2012-08-30 21:27:59',
        'status' => 1,
      ),
      2 => 
      array (
      ),
      3 => '',
      4 => true,
    ),
  ),
  4 => 
  array (
    'file' => '/var/www/dev/spip/ecrire/inc/queue.php',
    'line' => 92,
    'function' => 'sql_insertq',
    'args' => 
    array (
      0 => 'spip_jobs',
      1 => 
      array (
        'fonction' => 'queue_watch',
        'descriptif' => 'Tache CRON queue_watch (toutes les 86400 s)',
        'args' => 'a:1:{i:0;d:1346268479;}',
        'md5args' => 'd089d12d37f6a73b41e7bcbaeb85eb28',
        'inclure' => 'genie/',
        'priorite' => 0,
        'date' => '2012-08-30 21:27:59',
        'status' => 1,
      ),
    ),
  ),
  5 => 
  array (
    'file' => '/var/www/dev/spip/ecrire/inc/genie.php',
    'line' => 177,
    'function' => 'queue_add_job',
    'args' => 
    array (
      0 => 'queue_watch',
      1 => 'Tache CRON queue_watch (toutes les 86400 s)',
      2 => 
      array (
        0 => 1346268479,
      ),
      3 => 'genie/',
      4 => 'function_only',
      5 => 1346354879,
      6 => 0,
    ),
  ),
  6 => 
  array (
    'file' => '/var/www/dev/spip/ecrire/inc/genie.php',
    'line' => 142,
    'function' => 'queue_genie_replan_job',
    'args' => 
    array (
      0 => 'queue_watch',
      1 => 86400,
      2 => 1346268479,
    ),
  ),
  7 => 
  array (
    'file' => '/var/www/dev/spip/ecrire/inc/plugin.php',
    'line' => 518,
    'function' => 'genie_queue_watch_dist',
    'args' => 
    array (
    ),
  ),
  8 => 
  array (
    'file' => '/var/www/dev/spip/ecrire/inc/plugin.php',
    'line' => 441,
    'function' => 'ecrire_plugin_actifs',
    'args' => 
    array (
      0 => '',
      1 => false,
      2 => 'force',
    ),
  ),
  9 => 
  array (
    'file' => '/var/www/dev/spip/ecrire/inc/utils.php',
    'line' => 138,
    'function' => 'actualise_plugins_actifs',
    'args' => 
    array (
    ),
  ),
  10 => 
  array (
    'file' => '/var/www/dev/spip/ecrire/base/objets.php',
    'line' => 331,
    'function' => 'pipeline',
    'args' => 
    array (
      0 => 'declarer_tables_principales',
      1 => 
      array (
        'spip_jobs' => 
        array (
          'field' => 
          array (
            'id_job' => 'bigint(21) NOT NULL',
            'descriptif' => 'text DEFAULT \'\' NOT NULL',
            'fonction' => 'varchar(255) NOT NULL',
            'args' => 'longblob DEFAULT \'\' NOT NULL',
            'md5args' => 'char(32) NOT NULL default \'\'',
            'inclure' => 'varchar(255) NOT NULL',
            'priorite' => 'smallint(6) NOT NULL default 0',
            'date' => 'datetime DEFAULT \'0000-00-00 00:00:00\' NOT NULL',
            'status' => 'tinyint NOT NULL default 1',
          ),
          'key' => 
          array (
            'PRIMARY KEY' => 'id_job',
            'KEY date' => 'date',
            'KEY status' => 'status',
          ),
        ),
      ),
    ),
  ),
  11 => 
  array (
    'file' => '/var/www/dev/spip/ecrire/base/trouver_table.php',
    'line' => 73,
    'function' => 'lister_tables_objets_sql',
    'args' => 
    array (
      0 => '::md5',
    ),
  ),
  12 => 
  array (
    'file' => '/var/www/dev/spip/ecrire/base/abstract_sql.php',
    'line' => 1289,
    'function' => 'base_trouver_table_dist',
    'args' => 
    array (
      0 => 'spip_meta',
      1 => '',
    ),
  ),
  13 => 
  array (
    'file' => '/var/www/dev/spip/ecrire/req/mysql.php',
    'line' => 865,
    'function' => 'description_table',
    'args' => 
    array (
      0 => 'spip_meta',
      1 => '',
    ),
  ),
  14 => 
  array (
    'file' => '/var/www/dev/spip/ecrire/base/abstract_sql.php',
    'line' => 494,
    'function' => 'spip_mysql_insertq',
    'args' => 
    array (
      0 => 'spip_meta',
      1 => 
      array (
        'nom' => 'charset',
        'valeur' => 'utf-8',
      ),
      2 => 
      array (
      ),
      3 => '',
      4 => true,
    ),
  ),
  15 => 
  array (
    'file' => '/var/www/dev/spip/ecrire/inc/meta.php',
    'line' => 149,
    'function' => 'sql_insertq',
    'args' => 
    array (
      0 => 'spip_meta',
      1 => 
      array (
        'nom' => 'charset',
        'valeur' => 'utf-8',
      ),
    ),
  ),
  16 => 
  array (
    'file' => '/var/www/dev/spip/ecrire/inc/meta.php',
    'line' => 72,
    'function' => 'ecrire_meta',
    'args' => 
    array (
      0 => 'charset',
      1 => 'utf-8',
      2 => NULL,
      3 => 'meta',
    ),
  ),
  17 => 
  array (
    'file' => '/var/www/dev/spip/ecrire/inc/meta.php',
    'line' => 38,
    'function' => 'lire_metas',
    'args' => 
    array (
      0 => 'meta',
    ),
  ),
  18 => 
  array (
    'file' => '/var/www/dev/spip/ecrire/inc/utils.php',
    'line' => 1600,
    'function' => 'inc_meta_dist',
    'args' => 
    array (
    ),
  ),
  19 => 
  array (
    'file' => '/var/www/dev/spip/ecrire/inc_version.php',
    'line' => 348,
    'function' => 'spip_initialisation_core',
    'args' => 
    array (
      0 => '../config/',
      1 => '../IMG/',
      2 => '../tmp/',
      3 => '../local/',
    ),
  ),
  20 => 
  array (
    'file' => '/var/www/dev/spip/ecrire/index.php',
    'line' => 14,
    'args' => 
    array (
      0 => '/var/www/dev/spip/ecrire/inc_version.php',
    ),
    'function' => 'include',
  ),
)
Aug 30 11:14:22 127.0.0.1 (pid 1599) :Pri:CRITIQUE: Re-entrance anormale sur lister_tables_objets_sql :array (
  0 => 
  array (
    'file' => '/var/www/dev/spip/ecrire/base/trouver_table.php',
    'line' => 164,
    'function' => 'lister_tables_objets_sql',
    'args' => 
    array (
      0 => 'spip_jobs',
      1 => 
      array (
        'field' => 
        array (
          'id_job' => 'bigint(21) NOT NULL AUTO_INCREMENT',
          'descriptif' => 'text NOT NULL',
          'fonction' => 'varchar(255) NOT NULL',
          'args' => 'longblob NOT NULL',
          'md5args' => 'char(32) NOT NULL DEFAULT \'\'',
          'inclure' => 'varchar(255) NOT NULL',
          'priorite' => 'smallint(6) NOT NULL DEFAULT \'0\'',
          'date' => 'datetime NOT NULL DEFAULT \'0000-00-00 00:00:00\'',
          'status' => 'tinyint(4) NOT NULL DEFAULT \'1\'',
        ),
        'key' => 
        array (
          'PRIMARY KEY' => 'id_job',
          'KEY date' => 'date',
          'KEY status' => 'status',
        ),
        'exist' => true,
        'table_sql' => 'spip_jobs',
        'table' => 'spip_jobs',
        'connexion' => '',
      ),
    ),
  ),
  1 => 
  array (
    'file' => '/var/www/dev/spip/ecrire/base/abstract_sql.php',
    'line' => 1289,
    'function' => 'base_trouver_table_dist',
    'args' => 
    array (
      0 => 'spip_jobs',
      1 => '',
    ),
  ),
  2 => 
  array (
    'file' => '/var/www/dev/spip/ecrire/req/mysql.php',
    'line' => 865,
    'function' => 'description_table',
    'args' => 
    array (
      0 => 'spip_jobs',
      1 => '',
    ),
  ),
  3 => 
  array (
    'file' => '/var/www/dev/spip/ecrire/base/abstract_sql.php',
    'line' => 494,
    'function' => 'spip_mysql_insertq',
    'args' => 
    array (
      0 => 'spip_jobs',
      1 => 
      array (
        'fonction' => 'queue_watch',
        'descriptif' => 'Tache CRON queue_watch (toutes les 86400 s)',
        'args' => 'a:1:{i:0;d:1346268479;}',
        'md5args' => 'd089d12d37f6a73b41e7bcbaeb85eb28',
        'inclure' => 'genie/',
        'priorite' => 0,
        'date' => '2012-08-30 21:27:59',
        'status' => 1,
      ),
      2 => 
      array (
      ),
      3 => '',
      4 => true,
    ),
  ),
  4 => 
  array (
    'file' => '/var/www/dev/spip/ecrire/inc/queue.php',
    'line' => 92,
    'function' => 'sql_insertq',
    'args' => 
    array (
      0 => 'spip_jobs',
      1 => 
      array (
        'fonction' => 'queue_watch',
        'descriptif' => 'Tache CRON queue_watch (toutes les 86400 s)',
        'args' => 'a:1:{i:0;d:1346268479;}',
        'md5args' => 'd089d12d37f6a73b41e7bcbaeb85eb28',
        'inclure' => 'genie/',
        'priorite' => 0,
        'date' => '2012-08-30 21:27:59',
        'status' => 1,
      ),
    ),
  ),
  5 => 
  array (
    'file' => '/var/www/dev/spip/ecrire/inc/genie.php',
    'line' => 177,
    'function' => 'queue_add_job',
    'args' => 
    array (
      0 => 'queue_watch',
      1 => 'Tache CRON queue_watch (toutes les 86400 s)',
      2 => 
      array (
        0 => 1346268479,
      ),
      3 => 'genie/',
      4 => 'function_only',
      5 => 1346354879,
      6 => 0,
    ),
  ),
  6 => 
  array (
    'file' => '/var/www/dev/spip/ecrire/inc/genie.php',
    'line' => 142,
    'function' => 'queue_genie_replan_job',
    'args' => 
    array (
      0 => 'queue_watch',
      1 => 86400,
      2 => 1346268479,
    ),
  ),
  7 => 
  array (
    'file' => '/var/www/dev/spip/ecrire/inc/plugin.php',
    'line' => 518,
    'function' => 'genie_queue_watch_dist',
    'args' => 
    array (
    ),
  ),
  8 => 
  array (
    'file' => '/var/www/dev/spip/ecrire/inc/plugin.php',
    'line' => 441,
    'function' => 'ecrire_plugin_actifs',
    'args' => 
    array (
      0 => '',
      1 => false,
      2 => 'force',
    ),
  ),
  9 => 
  array (
    'file' => '/var/www/dev/spip/ecrire/inc/utils.php',
    'line' => 138,
    'function' => 'actualise_plugins_actifs',
    'args' => 
    array (
    ),
  ),
  10 => 
  array (
    'file' => '/var/www/dev/spip/ecrire/base/objets.php',
    'line' => 331,
    'function' => 'pipeline',
    'args' => 
    array (
      0 => 'declarer_tables_principales',
      1 => 
      array (
        'spip_jobs' => 
        array (
          'field' => 
          array (
            'id_job' => 'bigint(21) NOT NULL',
            'descriptif' => 'text DEFAULT \'\' NOT NULL',
            'fonction' => 'varchar(255) NOT NULL',
            'args' => 'longblob DEFAULT \'\' NOT NULL',
            'md5args' => 'char(32) NOT NULL default \'\'',
            'inclure' => 'varchar(255) NOT NULL',
            'priorite' => 'smallint(6) NOT NULL default 0',
            'date' => 'datetime DEFAULT \'0000-00-00 00:00:00\' NOT NULL',
            'status' => 'tinyint NOT NULL default 1',
          ),
          'key' => 
          array (
            'PRIMARY KEY' => 'id_job',
            'KEY date' => 'date',
            'KEY status' => 'status',
          ),
        ),
      ),
    ),
  ),
  11 => 
  array (
    'file' => '/var/www/dev/spip/ecrire/base/trouver_table.php',
    'line' => 73,
    'function' => 'lister_tables_objets_sql',
    'args' => 
    array (
      0 => '::md5',
    ),
  ),
  12 => 
  array (
    'file' => '/var/www/dev/spip/ecrire/base/abstract_sql.php',
    'line' => 1289,
    'function' => 'base_trouver_table_dist',
    'args' => 
    array (
      0 => 'spip_meta',
      1 => '',
    ),
  ),
  13 => 
  array (
    'file' => '/var/www/dev/spip/ecrire/req/mysql.php',
    'line' => 865,
    'function' => 'description_table',
    'args' => 
    array (
      0 => 'spip_meta',
      1 => '',
    ),
  ),
  14 => 
  array (
    'file' => '/var/www/dev/spip/ecrire/base/abstract_sql.php',
    'line' => 494,
    'function' => 'spip_mysql_insertq',
    'args' => 
    array (
      0 => 'spip_meta',
      1 => 
      array (
        'nom' => 'charset',
        'valeur' => 'utf-8',
      ),
      2 => 
      array (
      ),
      3 => '',
      4 => true,
    ),
  ),
  15 => 
  array (
    'file' => '/var/www/dev/spip/ecrire/inc/meta.php',
    'line' => 149,
    'function' => 'sql_insertq',
    'args' => 
    array (
      0 => 'spip_meta',
      1 => 
      array (
        'nom' => 'charset',
        'valeur' => 'utf-8',
      ),
    ),
  ),
  16 => 
  array (
    'file' => '/var/www/dev/spip/ecrire/inc/meta.php',
    'line' => 72,
    'function' => 'ecrire_meta',
    'args' => 
    array (
      0 => 'charset',
      1 => 'utf-8',
      2 => NULL,
      3 => 'meta',
    ),
  ),
  17 => 
  array (
    'file' => '/var/www/dev/spip/ecrire/inc/meta.php',
    'line' => 38,
    'function' => 'lire_metas',
    'args' => 
    array (
      0 => 'meta',
    ),
  ),
  18 => 
  array (
    'file' => '/var/www/dev/spip/ecrire/inc/utils.php',
    'line' => 1600,
    'function' => 'inc_meta_dist',
    'args' => 
    array (
    ),
  ),
  19 => 
  array (
    'file' => '/var/www/dev/spip/ecrire/inc_version.php',
    'line' => 348,
    'function' => 'spip_initialisation_core',
    'args' => 
    array (
      0 => '../config/',
      1 => '../IMG/',
      2 => '../tmp/',
      3 => '../local/',
    ),
  ),
  20 => 
  array (
    'file' => '/var/www/dev/spip/ecrire/index.php',
    'line' => 14,
    'args' => 
    array (
      0 => '/var/www/dev/spip/ecrire/inc_version.php',
    ),
    'function' => 'include',
  ),
)
Aug 30 11:14:22 127.0.0.1 (pid 1599) :Pri:CRITIQUE: Re-entrance anormale sur lister_tables_objets_sql :array (
  0 => 
  array (
    'file' => '/var/www/dev/spip/ecrire/base/trouver_table.php',
    'line' => 73,
    'function' => 'lister_tables_objets_sql',
    'args' => 
    array (
      0 => '::md5',
    ),
  ),
  1 => 
  array (
    'file' => '/var/www/dev/spip/ecrire/base/abstract_sql.php',
    'line' => 1289,
    'function' => 'base_trouver_table_dist',
    'args' => 
    array (
      0 => 'spip_jobs',
      1 => '',
    ),
  ),
  2 => 
  array (
    'file' => '/var/www/dev/spip/ecrire/req/mysql.php',
    'line' => 865,
    'function' => 'description_table',
    'args' => 
    array (
      0 => 'spip_jobs',
      1 => '',
    ),
  ),
  3 => 
  array (
    'file' => '/var/www/dev/spip/ecrire/base/abstract_sql.php',
    'line' => 494,
    'function' => 'spip_mysql_insertq',
    'args' => 
    array (
      0 => 'spip_jobs',
      1 => 
      array (
        'fonction' => 'optimiser',
        'descriptif' => 'Tache CRON optimiser (toutes les 172800 s)',
        'args' => 'a:1:{i:0;d:1346202392;}',
        'md5args' => '5d46931b0d921e1f709e950bd41e6352',
        'inclure' => 'genie/',
        'priorite' => 0,
        'date' => '2012-08-31 03:06:32',
        'status' => 1,
      ),
      2 => 
      array (
      ),
      3 => '',
      4 => true,
    ),
  ),
  4 => 
  array (
    'file' => '/var/www/dev/spip/ecrire/inc/queue.php',
    'line' => 92,
    'function' => 'sql_insertq',
    'args' => 
    array (
      0 => 'spip_jobs',
      1 => 
      array (
        'fonction' => 'optimiser',
        'descriptif' => 'Tache CRON optimiser (toutes les 172800 s)',
        'args' => 'a:1:{i:0;d:1346202392;}',
        'md5args' => '5d46931b0d921e1f709e950bd41e6352',
        'inclure' => 'genie/',
        'priorite' => 0,
        'date' => '2012-08-31 03:06:32',
        'status' => 1,
      ),
    ),
  ),
  5 => 
  array (
    'file' => '/var/www/dev/spip/ecrire/inc/genie.php',
    'line' => 177,
    'function' => 'queue_add_job',
    'args' => 
    array (
      0 => 'optimiser',
      1 => 'Tache CRON optimiser (toutes les 172800 s)',
      2 => 
      array (
        0 => 1346202392,
      ),
      3 => 'genie/',
      4 => 'function_only',
      5 => 1346375192,
      6 => 0,
    ),
  ),
  6 => 
  array (
    'file' => '/var/www/dev/spip/ecrire/inc/genie.php',
    'line' => 142,
    'function' => 'queue_genie_replan_job',
    'args' => 
    array (
      0 => 'optimiser',
      1 => 172800,
      2 => 1346202392,
    ),
  ),
  7 => 
  array (
    'file' => '/var/www/dev/spip/ecrire/inc/plugin.php',
    'line' => 518,
    'function' => 'genie_queue_watch_dist',
    'args' => 
    array (
    ),
  ),
  8 => 
  array (
    'file' => '/var/www/dev/spip/ecrire/inc/plugin.php',
    'line' => 441,
    'function' => 'ecrire_plugin_actifs',
    'args' => 
    array (
      0 => '',
      1 => false,
      2 => 'force',
    ),
  ),
  9 => 
  array (
    'file' => '/var/www/dev/spip/ecrire/inc/utils.php',
    'line' => 138,
    'function' => 'actualise_plugins_actifs',
    'args' => 
    array (
    ),
  ),
  10 => 
  array (
    'file' => '/var/www/dev/spip/ecrire/base/objets.php',
    'line' => 331,
    'function' => 'pipeline',
    'args' => 
    array (
      0 => 'declarer_tables_principales',
      1 => 
      array (
        'spip_jobs' => 
        array (
          'field' => 
          array (
            'id_job' => 'bigint(21) NOT NULL',
            'descriptif' => 'text DEFAULT \'\' NOT NULL',
            'fonction' => 'varchar(255) NOT NULL',
            'args' => 'longblob DEFAULT \'\' NOT NULL',
            'md5args' => 'char(32) NOT NULL default \'\'',
            'inclure' => 'varchar(255) NOT NULL',
            'priorite' => 'smallint(6) NOT NULL default 0',
            'date' => 'datetime DEFAULT \'0000-00-00 00:00:00\' NOT NULL',
            'status' => 'tinyint NOT NULL default 1',
          ),
          'key' => 
          array (
            'PRIMARY KEY' => 'id_job',
            'KEY date' => 'date',
            'KEY status' => 'status',
          ),
        ),
      ),
    ),
  ),
  11 => 
  array (
    'file' => '/var/www/dev/spip/ecrire/base/trouver_table.php',
    'line' => 73,
    'function' => 'lister_tables_objets_sql',
    'args' => 
    array (
      0 => '::md5',
    ),
  ),
  12 => 
  array (
    'file' => '/var/www/dev/spip/ecrire/base/abstract_sql.php',
    'line' => 1289,
    'function' => 'base_trouver_table_dist',
    'args' => 
    array (
      0 => 'spip_meta',
      1 => '',
    ),
  ),
  13 => 
  array (
    'file' => '/var/www/dev/spip/ecrire/req/mysql.php',
    'line' => 865,
    'function' => 'description_table',
    'args' => 
    array (
      0 => 'spip_meta',
      1 => '',
    ),
  ),
  14 => 
  array (
    'file' => '/var/www/dev/spip/ecrire/base/abstract_sql.php',
    'line' => 494,
    'function' => 'spip_mysql_insertq',
    'args' => 
    array (
      0 => 'spip_meta',
      1 => 
      array (
        'nom' => 'charset',
        'valeur' => 'utf-8',
      ),
      2 => 
      array (
      ),
      3 => '',
      4 => true,
    ),
  ),
  15 => 
  array (
    'file' => '/var/www/dev/spip/ecrire/inc/meta.php',
    'line' => 149,
    'function' => 'sql_insertq',
    'args' => 
    array (
      0 => 'spip_meta',
      1 => 
      array (
        'nom' => 'charset',
        'valeur' => 'utf-8',
      ),
    ),
  ),
  16 => 
  array (
    'file' => '/var/www/dev/spip/ecrire/inc/meta.php',
    'line' => 72,
    'function' => 'ecrire_meta',
    'args' => 
    array (
      0 => 'charset',
      1 => 'utf-8',
      2 => NULL,
      3 => 'meta',
    ),
  ),
  17 => 
  array (
    'file' => '/var/www/dev/spip/ecrire/inc/meta.php',
    'line' => 38,
    'function' => 'lire_metas',
    'args' => 
    array (
      0 => 'meta',
    ),
  ),
  18 => 
  array (
    'file' => '/var/www/dev/spip/ecrire/inc/utils.php',
    'line' => 1600,
    'function' => 'inc_meta_dist',
    'args' => 
    array (
    ),
  ),
  19 => 
  array (
    'file' => '/var/www/dev/spip/ecrire/inc_version.php',
    'line' => 348,
    'function' => 'spip_initialisation_core',
    'args' => 
    array (
      0 => '../config/',
      1 => '../IMG/',
      2 => '../tmp/',
      3 => '../local/',
    ),
  ),
  20 => 
  array (
    'file' => '/var/www/dev/spip/ecrire/index.php',
    'line' => 14,
    'args' => 
    array (
      0 => '/var/www/dev/spip/ecrire/inc_version.php',
    ),
    'function' => 'include',
  ),
)
Aug 30 11:14:22 127.0.0.1 (pid 1599) :Pri:CRITIQUE: Re-entrance anormale sur lister_tables_objets_sql :array (
  0 => 
  array (
    'file' => '/var/www/dev/spip/ecrire/base/trouver_table.php',
    'line' => 73,
    'function' => 'lister_tables_objets_sql',
    'args' => 
    array (
      0 => '::md5',
    ),
  ),
  1 => 
  array (
    'file' => '/var/www/dev/spip/ecrire/base/abstract_sql.php',
    'line' => 1289,
    'function' => 'base_trouver_table_dist',
    'args' => 
    array (
      0 => 'spip_jobs',
      1 => '',
    ),
  ),
  2 => 
  array (
    'file' => '/var/www/dev/spip/ecrire/req/mysql.php',
    'line' => 865,
    'function' => 'description_table',
    'args' => 
    array (
      0 => 'spip_jobs',
      1 => '',
    ),
  ),
  3 => 
  array (
    'file' => '/var/www/dev/spip/ecrire/base/abstract_sql.php',
    'line' => 494,
    'function' => 'spip_mysql_insertq',
    'args' => 
    array (
      0 => 'spip_jobs',
      1 => 
      array (
        'fonction' => 'invalideur',
        'descriptif' => 'Tache CRON invalideur (toutes les 600 s)',
        'args' => 'a:1:{i:0;d:1346317635;}',
        'md5args' => '66972eb1a131495485f48de073918d7e',
        'inclure' => 'genie/',
        'priorite' => 0,
        'date' => '2012-08-30 11:17:15',
        'status' => 1,
      ),
      2 => 
      array (
      ),
      3 => '',
      4 => true,
    ),
  ),
  4 => 
  array (
    'file' => '/var/www/dev/spip/ecrire/inc/queue.php',
    'line' => 92,
    'function' => 'sql_insertq',
    'args' => 
    array (
      0 => 'spip_jobs',
      1 => 
      array (
        'fonction' => 'invalideur',
        'descriptif' => 'Tache CRON invalideur (toutes les 600 s)',
        'args' => 'a:1:{i:0;d:1346317635;}',
        'md5args' => '66972eb1a131495485f48de073918d7e',
        'inclure' => 'genie/',
        'priorite' => 0,
        'date' => '2012-08-30 11:17:15',
        'status' => 1,
      ),
    ),
  ),
  5 => 
  array (
    'file' => '/var/www/dev/spip/ecrire/inc/genie.php',
    'line' => 177,
    'function' => 'queue_add_job',
    'args' => 
    array (
      0 => 'invalideur',
      1 => 'Tache CRON invalideur (toutes les 600 s)',
      2 => 
      array (
        0 => 1346317635,
      ),
      3 => 'genie/',
      4 => 'function_only',
      5 => 1346318235,
      6 => 0,
    ),
  ),
  6 => 
  array (
    'file' => '/var/www/dev/spip/ecrire/inc/genie.php',
    'line' => 142,
    'function' => 'queue_genie_replan_job',
    'args' => 
    array (
      0 => 'invalideur',
      1 => 600,
      2 => 1346317635,
    ),
  ),
  7 => 
  array (
    'file' => '/var/www/dev/spip/ecrire/inc/plugin.php',
    'line' => 518,
    'function' => 'genie_queue_watch_dist',
    'args' => 
    array (
    ),
  ),
  8 => 
  array (
    'file' => '/var/www/dev/spip/ecrire/inc/plugin.php',
    'line' => 441,
    'function' => 'ecrire_plugin_actifs',
    'args' => 
    array (
      0 => '',
      1 => false,
      2 => 'force',
    ),
  ),
  9 => 
  array (
    'file' => '/var/www/dev/spip/ecrire/inc/utils.php',
    'line' => 138,
    'function' => 'actualise_plugins_actifs',
    'args' => 
    array (
    ),
  ),
  10 => 
  array (
    'file' => '/var/www/dev/spip/ecrire/base/objets.php',
    'line' => 331,
    'function' => 'pipeline',
    'args' => 
    array (
      0 => 'declarer_tables_principales',
      1 => 
      array (
        'spip_jobs' => 
        array (
          'field' => 
          array (
            'id_job' => 'bigint(21) NOT NULL',
            'descriptif' => 'text DEFAULT \'\' NOT NULL',
            'fonction' => 'varchar(255) NOT NULL',
            'args' => 'longblob DEFAULT \'\' NOT NULL',
            'md5args' => 'char(32) NOT NULL default \'\'',
            'inclure' => 'varchar(255) NOT NULL',
            'priorite' => 'smallint(6) NOT NULL default 0',
            'date' => 'datetime DEFAULT \'0000-00-00 00:00:00\' NOT NULL',
            'status' => 'tinyint NOT NULL default 1',
          ),
          'key' => 
          array (
            'PRIMARY KEY' => 'id_job',
            'KEY date' => 'date',
            'KEY status' => 'status',
          ),
        ),
      ),
    ),
  ),
  11 => 
  array (
    'file' => '/var/www/dev/spip/ecrire/base/trouver_table.php',
    'line' => 73,
    'function' => 'lister_tables_objets_sql',
    'args' => 
    array (
      0 => '::md5',
    ),
  ),
  12 => 
  array (
    'file' => '/var/www/dev/spip/ecrire/base/abstract_sql.php',
    'line' => 1289,
    'function' => 'base_trouver_table_dist',
    'args' => 
    array (
      0 => 'spip_meta',
      1 => '',
    ),
  ),
  13 => 
  array (
    'file' => '/var/www/dev/spip/ecrire/req/mysql.php',
    'line' => 865,
    'function' => 'description_table',
    'args' => 
    array (
      0 => 'spip_meta',
      1 => '',
    ),
  ),
  14 => 
  array (
    'file' => '/var/www/dev/spip/ecrire/base/abstract_sql.php',
    'line' => 494,
    'function' => 'spip_mysql_insertq',
    'args' => 
    array (
      0 => 'spip_meta',
      1 => 
      array (
        'nom' => 'charset',
        'valeur' => 'utf-8',
      ),
      2 => 
      array (
      ),
      3 => '',
      4 => true,
    ),
  ),
  15 => 
  array (
    'file' => '/var/www/dev/spip/ecrire/inc/meta.php',
    'line' => 149,
    'function' => 'sql_insertq',
    'args' => 
    array (
      0 => 'spip_meta',
      1 => 
      array (
        'nom' => 'charset',
        'valeur' => 'utf-8',
      ),
    ),
  ),
  16 => 
  array (
    'file' => '/var/www/dev/spip/ecrire/inc/meta.php',
    'line' => 72,
    'function' => 'ecrire_meta',
    'args' => 
    array (
      0 => 'charset',
      1 => 'utf-8',
      2 => NULL,
      3 => 'meta',
    ),
  ),
  17 => 
  array (
    'file' => '/var/www/dev/spip/ecrire/inc/meta.php',
    'line' => 38,
    'function' => 'lire_metas',
    'args' => 
    array (
      0 => 'meta',
    ),
  ),
  18 => 
  array (
    'file' => '/var/www/dev/spip/ecrire/inc/utils.php',
    'line' => 1600,
    'function' => 'inc_meta_dist',
    'args' => 
    array (
    ),
  ),
  19 => 
  array (
    'file' => '/var/www/dev/spip/ecrire/inc_version.php',
    'line' => 348,
    'function' => 'spip_initialisation_core',
    'args' => 
    array (
      0 => '../config/',
      1 => '../IMG/',
      2 => '../tmp/',
      3 => '../local/',
    ),
  ),
  20 => 
  array (
    'file' => '/var/www/dev/spip/ecrire/index.php',
    'line' => 14,
    'args' => 
    array (
      0 => '/var/www/dev/spip/ecrire/inc_version.php',
    ),
    'function' => 'include',
  ),
)
Aug 30 11:14:22 127.0.0.1 (pid 1599) :Pri:CRITIQUE: Re-entrance anormale sur lister_tables_objets_sql :array (
  0 => 
  array (
    'file' => '/var/www/dev/spip/ecrire/base/trouver_table.php',
    'line' => 73,
    'function' => 'lister_tables_objets_sql',
    'args' => 
    array (
      0 => '::md5',
    ),
  ),
  1 => 
  array (
    'file' => '/var/www/dev/spip/ecrire/base/abstract_sql.php',
    'line' => 1289,
    'function' => 'base_trouver_table_dist',
    'args' => 
    array (
      0 => 'spip_jobs',
      1 => '',
    ),
  ),
  2 => 
  array (
    'file' => '/var/www/dev/spip/ecrire/req/mysql.php',
    'line' => 865,
    'function' => 'description_table',
    'args' => 
    array (
      0 => 'spip_jobs',
      1 => '',
    ),
  ),
  3 => 
  array (
    'file' => '/var/www/dev/spip/ecrire/base/abstract_sql.php',
    'line' => 494,
    'function' => 'spip_mysql_insertq',
    'args' => 
    array (
      0 => 'spip_jobs',
      1 => 
      array (
        'fonction' => 'maintenance',
        'descriptif' => 'Tache CRON maintenance (toutes les 7200 s)',
        'args' => 'a:1:{i:0;d:1346313211;}',
        'md5args' => '042d46816ba35b1fb3cec8eef0ffeb0a',
        'inclure' => 'genie/',
        'priorite' => 0,
        'date' => '2012-08-30 11:53:31',
        'status' => 1,
      ),
      2 => 
      array (
      ),
      3 => '',
      4 => true,
    ),
  ),
  4 => 
  array (
    'file' => '/var/www/dev/spip/ecrire/inc/queue.php',
    'line' => 92,
    'function' => 'sql_insertq',
    'args' => 
    array (
      0 => 'spip_jobs',
      1 => 
      array (
        'fonction' => 'maintenance',
        'descriptif' => 'Tache CRON maintenance (toutes les 7200 s)',
        'args' => 'a:1:{i:0;d:1346313211;}',
        'md5args' => '042d46816ba35b1fb3cec8eef0ffeb0a',
        'inclure' => 'genie/',
        'priorite' => 0,
        'date' => '2012-08-30 11:53:31',
        'status' => 1,
      ),
    ),
  ),
  5 => 
  array (
    'file' => '/var/www/dev/spip/ecrire/inc/genie.php',
    'line' => 177,
    'function' => 'queue_add_job',
    'args' => 
    array (
      0 => 'maintenance',
      1 => 'Tache CRON maintenance (toutes les 7200 s)',
      2 => 
      array (
        0 => 1346313211,
      ),
      3 => 'genie/',
      4 => 'function_only',
      5 => 1346320411,
      6 => 0,
    ),
  ),
  6 => 
  array (
    'file' => '/var/www/dev/spip/ecrire/inc/genie.php',
    'line' => 142,
    'function' => 'queue_genie_replan_job',
    'args' => 
    array (
      0 => 'maintenance',
      1 => 7200,
      2 => 1346313211,
    ),
  ),
  7 => 
  array (
    'file' => '/var/www/dev/spip/ecrire/inc/plugin.php',
    'line' => 518,
    'function' => 'genie_queue_watch_dist',
    'args' => 
    array (
    ),
  ),
  8 => 
  array (
    'file' => '/var/www/dev/spip/ecrire/inc/plugin.php',
    'line' => 441,
    'function' => 'ecrire_plugin_actifs',
    'args' => 
    array (
      0 => '',
      1 => false,
      2 => 'force',
    ),
  ),
  9 => 
  array (
    'file' => '/var/www/dev/spip/ecrire/inc/utils.php',
    'line' => 138,
    'function' => 'actualise_plugins_actifs',
    'args' => 
    array (
    ),
  ),
  10 => 
  array (
    'file' => '/var/www/dev/spip/ecrire/base/objets.php',
    'line' => 331,
    'function' => 'pipeline',
    'args' => 
    array (
      0 => 'declarer_tables_principales',
      1 => 
      array (
        'spip_jobs' => 
        array (
          'field' => 
          array (
            'id_job' => 'bigint(21) NOT NULL',
            'descriptif' => 'text DEFAULT \'\' NOT NULL',
            'fonction' => 'varchar(255) NOT NULL',
            'args' => 'longblob DEFAULT \'\' NOT NULL',
            'md5args' => 'char(32) NOT NULL default \'\'',
            'inclure' => 'varchar(255) NOT NULL',
            'priorite' => 'smallint(6) NOT NULL default 0',
            'date' => 'datetime DEFAULT \'0000-00-00 00:00:00\' NOT NULL',
            'status' => 'tinyint NOT NULL default 1',
          ),
          'key' => 
          array (
            'PRIMARY KEY' => 'id_job',
            'KEY date' => 'date',
            'KEY status' => 'status',
          ),
        ),
      ),
    ),
  ),
  11 => 
  array (
    'file' => '/var/www/dev/spip/ecrire/base/trouver_table.php',
    'line' => 73,
    'function' => 'lister_tables_objets_sql',
    'args' => 
    array (
      0 => '::md5',
    ),
  ),
  12 => 
  array (
    'file' => '/var/www/dev/spip/ecrire/base/abstract_sql.php',
    'line' => 1289,
    'function' => 'base_trouver_table_dist',
    'args' => 
    array (
      0 => 'spip_meta',
      1 => '',
    ),
  ),
  13 => 
  array (
    'file' => '/var/www/dev/spip/ecrire/req/mysql.php',
    'line' => 865,
    'function' => 'description_table',
    'args' => 
    array (
      0 => 'spip_meta',
      1 => '',
    ),
  ),
  14 => 
  array (
    'file' => '/var/www/dev/spip/ecrire/base/abstract_sql.php',
    'line' => 494,
    'function' => 'spip_mysql_insertq',
    'args' => 
    array (
      0 => 'spip_meta',
      1 => 
      array (
        'nom' => 'charset',
        'valeur' => 'utf-8',
      ),
      2 => 
      array (
      ),
      3 => '',
      4 => true,
    ),
  ),
  15 => 
  array (
    'file' => '/var/www/dev/spip/ecrire/inc/meta.php',
    'line' => 149,
    'function' => 'sql_insertq',
    'args' => 
    array (
      0 => 'spip_meta',
      1 => 
      array (
        'nom' => 'charset',
        'valeur' => 'utf-8',
      ),
    ),
  ),
  16 => 
  array (
    'file' => '/var/www/dev/spip/ecrire/inc/meta.php',
    'line' => 72,
    'function' => 'ecrire_meta',
    'args' => 
    array (
      0 => 'charset',
      1 => 'utf-8',
      2 => NULL,
      3 => 'meta',
    ),
  ),
  17 => 
  array (
    'file' => '/var/www/dev/spip/ecrire/inc/meta.php',
    'line' => 38,
    'function' => 'lire_metas',
    'args' => 
    array (
      0 => 'meta',
    ),
  ),
  18 => 
  array (
    'file' => '/var/www/dev/spip/ecrire/inc/utils.php',
    'line' => 1600,
    'function' => 'inc_meta_dist',
    'args' => 
    array (
    ),
  ),
  19 => 
  array (
    'file' => '/var/www/dev/spip/ecrire/inc_version.php',
    'line' => 348,
    'function' => 'spip_initialisation_core',
    'args' => 
    array (
      0 => '../config/',
      1 => '../IMG/',
      2 => '../tmp/',
      3 => '../local/',
    ),
  ),
  20 => 
  array (
    'file' => '/var/www/dev/spip/ecrire/index.php',
    'line' => 14,
    'args' => 
    array (
      0 => '/var/www/dev/spip/ecrire/inc_version.php',
    ),
    'function' => 'include',
  ),
)
Aug 30 11:14:22 127.0.0.1 (pid 1599) :Pri:CRITIQUE: Re-entrance anormale sur lister_tables_objets_sql :array (
  0 => 
  array (
    'file' => '/var/www/dev/spip/ecrire/base/trouver_table.php',
    'line' => 73,
    'function' => 'lister_tables_objets_sql',
    'args' => 
    array (
      0 => '::md5',
    ),
  ),
  1 => 
  array (
    'file' => '/var/www/dev/spip/ecrire/base/abstract_sql.php',
    'line' => 1289,
    'function' => 'base_trouver_table_dist',
    'args' => 
    array (
      0 => 'spip_jobs',
      1 => '',
    ),
  ),
  2 => 
  array (
    'file' => '/var/www/dev/spip/ecrire/req/mysql.php',
    'line' => 865,
    'function' => 'description_table',
    'args' => 
    array (
      0 => 'spip_jobs',
      1 => '',
    ),
  ),
  3 => 
  array (
    'file' => '/var/www/dev/spip/ecrire/base/abstract_sql.php',
    'line' => 494,
    'function' => 'spip_mysql_insertq',
    'args' => 
    array (
      0 => 'spip_jobs',
      1 => 
      array (
        'fonction' => 'mise_a_jour',
        'descriptif' => 'Tache CRON mise_a_jour (toutes les 259200 s)',
        'args' => 'a:1:{i:0;d:1346132872;}',
        'md5args' => '065f36f042ca88acdf0ce65e0c4dc872',
        'inclure' => 'genie/',
        'priorite' => 0,
        'date' => '2012-08-31 07:47:52',
        'status' => 1,
      ),
      2 => 
      array (
      ),
      3 => '',
      4 => true,
    ),
  ),
  4 => 
  array (
    'file' => '/var/www/dev/spip/ecrire/inc/queue.php',
    'line' => 92,
    'function' => 'sql_insertq',
    'args' => 
    array (
      0 => 'spip_jobs',
      1 => 
      array (
        'fonction' => 'mise_a_jour',
        'descriptif' => 'Tache CRON mise_a_jour (toutes les 259200 s)',
        'args' => 'a:1:{i:0;d:1346132872;}',
        'md5args' => '065f36f042ca88acdf0ce65e0c4dc872',
        'inclure' => 'genie/',
        'priorite' => 0,
        'date' => '2012-08-31 07:47:52',
        'status' => 1,
      ),
    ),
  ),
  5 => 
  array (
    'file' => '/var/www/dev/spip/ecrire/inc/genie.php',
    'line' => 177,
    'function' => 'queue_add_job',
    'args' => 
    array (
      0 => 'mise_a_jour',
      1 => 'Tache CRON mise_a_jour (toutes les 259200 s)',
      2 => 
      array (
        0 => 1346132872,
      ),
      3 => 'genie/',
      4 => 'function_only',
      5 => 1346392072,
      6 => 0,
    ),
  ),
  6 => 
  array (
    'file' => '/var/www/dev/spip/ecrire/inc/genie.php',
    'line' => 142,
    'function' => 'queue_genie_replan_job',
    'args' => 
    array (
      0 => 'mise_a_jour',
      1 => 259200,
      2 => 1346132872,
    ),
  ),
  7 => 
  array (
    'file' => '/var/www/dev/spip/ecrire/inc/plugin.php',
    'line' => 518,
    'function' => 'genie_queue_watch_dist',
    'args' => 
    array (
    ),
  ),
  8 => 
  array (
    'file' => '/var/www/dev/spip/ecrire/inc/plugin.php',
    'line' => 441,
    'function' => 'ecrire_plugin_actifs',
    'args' => 
    array (
      0 => '',
      1 => false,
      2 => 'force',
    ),
  ),
  9 => 
  array (
    'file' => '/var/www/dev/spip/ecrire/inc/utils.php',
    'line' => 138,
    'function' => 'actualise_plugins_actifs',
    'args' => 
    array (
    ),
  ),
  10 => 
  array (
    'file' => '/var/www/dev/spip/ecrire/base/objets.php',
    'line' => 331,
    'function' => 'pipeline',
    'args' => 
    array (
      0 => 'declarer_tables_principales',
      1 => 
      array (
        'spip_jobs' => 
        array (
          'field' => 
          array (
            'id_job' => 'bigint(21) NOT NULL',
            'descriptif' => 'text DEFAULT \'\' NOT NULL',
            'fonction' => 'varchar(255) NOT NULL',
            'args' => 'longblob DEFAULT \'\' NOT NULL',
            'md5args' => 'char(32) NOT NULL default \'\'',
            'inclure' => 'varchar(255) NOT NULL',
            'priorite' => 'smallint(6) NOT NULL default 0',
            'date' => 'datetime DEFAULT \'0000-00-00 00:00:00\' NOT NULL',
            'status' => 'tinyint NOT NULL default 1',
          ),
          'key' => 
          array (
            'PRIMARY KEY' => 'id_job',
            'KEY date' => 'date',
            'KEY status' => 'status',
          ),
        ),
      ),
    ),
  ),
  11 => 
  array (
    'file' => '/var/www/dev/spip/ecrire/base/trouver_table.php',
    'line' => 73,
    'function' => 'lister_tables_objets_sql',
    'args' => 
    array (
      0 => '::md5',
    ),
  ),
  12 => 
  array (
    'file' => '/var/www/dev/spip/ecrire/base/abstract_sql.php',
    'line' => 1289,
    'function' => 'base_trouver_table_dist',
    'args' => 
    array (
      0 => 'spip_meta',
      1 => '',
    ),
  ),
  13 => 
  array (
    'file' => '/var/www/dev/spip/ecrire/req/mysql.php',
    'line' => 865,
    'function' => 'description_table',
    'args' => 
    array (
      0 => 'spip_meta',
      1 => '',
    ),
  ),
  14 => 
  array (
    'file' => '/var/www/dev/spip/ecrire/base/abstract_sql.php',
    'line' => 494,
    'function' => 'spip_mysql_insertq',
    'args' => 
    array (
      0 => 'spip_meta',
      1 => 
      array (
        'nom' => 'charset',
        'valeur' => 'utf-8',
      ),
      2 => 
      array (
      ),
      3 => '',
      4 => true,
    ),
  ),
  15 => 
  array (
    'file' => '/var/www/dev/spip/ecrire/inc/meta.php',
    'line' => 149,
    'function' => 'sql_insertq',
    'args' => 
    array (
      0 => 'spip_meta',
      1 => 
      array (
        'nom' => 'charset',
        'valeur' => 'utf-8',
      ),
    ),
  ),
  16 => 
  array (
    'file' => '/var/www/dev/spip/ecrire/inc/meta.php',
    'line' => 72,
    'function' => 'ecrire_meta',
    'args' => 
    array (
      0 => 'charset',
      1 => 'utf-8',
      2 => NULL,
      3 => 'meta',
    ),
  ),
  17 => 
  array (
    'file' => '/var/www/dev/spip/ecrire/inc/meta.php',
    'line' => 38,
    'function' => 'lire_metas',
    'args' => 
    array (
      0 => 'meta',
    ),
  ),
  18 => 
  array (
    'file' => '/var/www/dev/spip/ecrire/inc/utils.php',
    'line' => 1600,
    'function' => 'inc_meta_dist',
    'args' => 
    array (
    ),
  ),
  19 => 
  array (
    'file' => '/var/www/dev/spip/ecrire/inc_version.php',
    'line' => 348,
    'function' => 'spip_initialisation_core',
    'args' => 
    array (
      0 => '../config/',
      1 => '../IMG/',
      2 => '../tmp/',
      3 => '../local/',
    ),
  ),
  20 => 
  array (
    'file' => '/var/www/dev/spip/ecrire/index.php',
    'line' => 14,
    'args' => 
    array (
      0 => '/var/www/dev/spip/ecrire/inc_version.php',
    ),
    'function' => 'include',
  ),
)
Aug 30 11:14:25 127.0.0.1 (pid 1599) :Pri:ERREUR: Erreur mysql 1146
Aug 30 11:14:25 127.0.0.1 (pid 1599) :Pri:ERREUR: Table 'spip.spip_forum' doesn't exist - SHOW CREATE TABLE `spip_forum`
Aug 30 11:14:25 127.0.0.1 (pid 1599) :Pri:ERREUR: Erreur mysql 1146
Aug 30 11:14:25 127.0.0.1 (pid 1599) :Pri:ERREUR: Table 'spip.spip_documents' doesn't exist - SHOW CREATE TABLE `spip_documents`
Aug 30 11:14:25 127.0.0.1 (pid 1599) :Pri:ERREUR: Erreur mysql 1146
Aug 30 11:14:25 127.0.0.1 (pid 1599) :Pri:ERREUR: Table 'spip.spip_mots' doesn't exist - SHOW CREATE TABLE `spip_mots`
Aug 30 11:14:25 127.0.0.1 (pid 1599) :Pri:ERREUR: Erreur mysql 1146
Aug 30 11:14:25 127.0.0.1 (pid 1599) :Pri:ERREUR: Table 'spip.spip_groupes_mots' doesn't exist - SHOW CREATE TABLE `spip_groupes_mots`
Aug 30 11:14:25 127.0.0.1 (pid 1599) :Pri:ERREUR: Erreur mysql 1146
Aug 30 11:14:25 127.0.0.1 (pid 1599) :Pri:ERREUR: Table 'spip.spip_messages' doesn't exist - SHOW CREATE TABLE `spip_messages`
Aug 30 11:14:25 127.0.0.1 (pid 1599) :Pri:ERREUR: Erreur mysql 1146
Aug 30 11:14:25 127.0.0.1 (pid 1599) :Pri:ERREUR: Table 'spip.spip_petitions' doesn't exist - SHOW CREATE TABLE `spip_petitions`
Aug 30 11:14:25 127.0.0.1 (pid 1599) :Pri:ERREUR: Erreur mysql 1146
Aug 30 11:14:25 127.0.0.1 (pid 1599) :Pri:ERREUR: Table 'spip.spip_signatures' doesn't exist - SHOW CREATE TABLE `spip_signatures`
Aug 30 11:14:25 127.0.0.1 (pid 1599) :Pri:ERREUR: Erreur mysql 1146
Aug 30 11:14:25 127.0.0.1 (pid 1599) :Pri:ERREUR: Table 'spip.spip_syndic' doesn't exist - SHOW CREATE TABLE `spip_syndic`
Aug 30 11:14:25 127.0.0.1 (pid 1599) :Pri:ERREUR: Erreur mysql 1146
Aug 30 11:14:25 127.0.0.1 (pid 1599) :Pri:ERREUR: Table 'spip.spip_syndic_articles' doesn't exist - SHOW CREATE TABLE `spip_syndic_articles`
Aug 30 11:14:25 127.0.0.1 (pid 1599) :Pri:ERREUR: Erreur mysql 1146
Aug 30 11:14:25 127.0.0.1 (pid 1599) :Pri:ERREUR: Table 'spip.spip_depots' doesn't exist - SHOW CREATE TABLE `spip_depots`
Aug 30 11:14:25 127.0.0.1 (pid 1599) :Pri:ERREUR: Erreur mysql 1146
Aug 30 11:14:25 127.0.0.1 (pid 1599) :Pri:ERREUR: Table 'spip.spip_plugins' doesn't exist - SHOW CREATE TABLE `spip_plugins`
Aug 30 11:14:25 127.0.0.1 (pid 1599) :Pri:ERREUR: Erreur mysql 1146
Aug 30 11:14:25 127.0.0.1 (pid 1599) :Pri:ERREUR: Table 'spip.spip_paquets' doesn't exist - SHOW CREATE TABLE `spip_paquets`
Aug 30 11:14:25 127.0.0.1 (pid 1599) :Pri:ERREUR: Erreur mysql 1146
Aug 30 11:14:25 127.0.0.1 (pid 1599) :Pri:ERREUR: Table 'spip.spip_breves' doesn't exist - SHOW CREATE TABLE `spip_breves`
Aug 30 11:14:25 127.0.0.1 (pid 2892) :Pri:cf maj.log
Aug 30 11:14:25 127.0.0.1 (pid 2892) :Pri:cf maj.log
Aug 30 11:14:25 127.0.0.1 (pid 2892) :Pri:cf maj.log
Aug 30 11:14:25 127.0.0.1 (pid 2892) :Pri:cf maj.log
Aug 30 11:14:26 127.0.0.1 (pid 2892) :Pri:ERREUR: Erreur mysql 1146
Aug 30 11:14:26 127.0.0.1 (pid 2892) :Pri:ERREUR: Table 'spip.spip_forum' doesn't exist - SHOW CREATE TABLE `spip_forum`
Aug 30 11:14:26 127.0.0.1 (pid 2892) :Pri:ERREUR: Erreur mysql 1146
Aug 30 11:14:26 127.0.0.1 (pid 2892) :Pri:ERREUR: Table 'spip.spip_documents' doesn't exist - SHOW CREATE TABLE `spip_documents`
Aug 30 11:14:26 127.0.0.1 (pid 2892) :Pri:ERREUR: Erreur mysql 1146
Aug 30 11:14:26 127.0.0.1 (pid 2892) :Pri:ERREUR: Table 'spip.spip_mots' doesn't exist - SHOW CREATE TABLE `spip_mots`
Aug 30 11:14:26 127.0.0.1 (pid 2892) :Pri:ERREUR: Erreur mysql 1146
Aug 30 11:14:26 127.0.0.1 (pid 2892) :Pri:ERREUR: Table 'spip.spip_groupes_mots' doesn't exist - SHOW CREATE TABLE `spip_groupes_mots`
Aug 30 11:14:26 127.0.0.1 (pid 2892) :Pri:ERREUR: Erreur mysql 1146
Aug 30 11:14:26 127.0.0.1 (pid 2892) :Pri:ERREUR: Table 'spip.spip_messages' doesn't exist - SHOW CREATE TABLE `spip_messages`
Aug 30 11:14:26 127.0.0.1 (pid 2892) :Pri:ERREUR: Erreur mysql 1146
Aug 30 11:14:26 127.0.0.1 (pid 2892) :Pri:ERREUR: Table 'spip.spip_petitions' doesn't exist - SHOW CREATE TABLE `spip_petitions`
Aug 30 11:14:26 127.0.0.1 (pid 2892) :Pri:ERREUR: Erreur mysql 1146
Aug 30 11:14:26 127.0.0.1 (pid 2892) :Pri:ERREUR: Table 'spip.spip_signatures' doesn't exist - SHOW CREATE TABLE `spip_signatures`
Aug 30 11:14:26 127.0.0.1 (pid 2892) :Pri:ERREUR: Erreur mysql 1146
Aug 30 11:14:26 127.0.0.1 (pid 2892) :Pri:ERREUR: Table 'spip.spip_syndic' doesn't exist - SHOW CREATE TABLE `spip_syndic`
Aug 30 11:14:26 127.0.0.1 (pid 2892) :Pri:ERREUR: Erreur mysql 1146
Aug 30 11:14:26 127.0.0.1 (pid 2892) :Pri:ERREUR: Table 'spip.spip_syndic_articles' doesn't exist - SHOW CREATE TABLE `spip_syndic_articles`
Aug 30 11:14:26 127.0.0.1 (pid 2892) :Pri:ERREUR: Erreur mysql 1146
Aug 30 11:14:26 127.0.0.1 (pid 2892) :Pri:ERREUR: Table 'spip.spip_depots' doesn't exist - SHOW CREATE TABLE `spip_depots`
Aug 30 11:14:26 127.0.0.1 (pid 2892) :Pri:ERREUR: Erreur mysql 1146
Aug 30 11:14:26 127.0.0.1 (pid 2892) :Pri:ERREUR: Table 'spip.spip_plugins' doesn't exist - SHOW CREATE TABLE `spip_plugins`
Aug 30 11:14:26 127.0.0.1 (pid 2892) :Pri:ERREUR: Erreur mysql 1146
Aug 30 11:14:26 127.0.0.1 (pid 2892) :Pri:ERREUR: Table 'spip.spip_paquets' doesn't exist - SHOW CREATE TABLE `spip_paquets`
Aug 30 11:14:26 127.0.0.1 (pid 2892) :Pri:ERREUR: Erreur mysql 1146
Aug 30 11:14:26 127.0.0.1 (pid 2892) :Pri:ERREUR: Table 'spip.spip_breves' doesn't exist - SHOW CREATE TABLE `spip_breves`
Aug 30 11:14:26 127.0.0.1 (pid 2892) :Pri:cf maj.log
Aug 30 11:14:26 127.0.0.1 (pid 2892) :Pri:cf maj.log
Aug 30 11:14:26 127.0.0.1 (pid 2892) :Pri:cf maj.log
Aug 30 11:14:26 127.0.0.1 (pid 2892) :Pri:ERREUR: Erreur mysql 1146
Aug 30 11:14:26 127.0.0.1 (pid 2892) :Pri:ERREUR: Table 'spip.spip_forum' doesn't exist - SHOW CREATE TABLE `spip_forum`
Aug 30 11:14:26 127.0.0.1 (pid 2892) :Pri:cf maj.log
Aug 30 11:14:26 127.0.0.1 (pid 2892) :Pri:ERREUR: Erreur mysql 1146
Aug 30 11:14:26 127.0.0.1 (pid 2892) :Pri:ERREUR: Table 'spip.spip_forum' doesn't exist - SHOW CREATE TABLE `spip_forum`
Aug 30 11:14:26 127.0.0.1 (pid 2892) :Pri:cf maj.log
Aug 30 11:14:26 127.0.0.1 (pid 2892) :Pri:cf maj.log
Aug 30 11:14:26 127.0.0.1 (pid 2892) :Pri:cf maj.log
Aug 30 11:14:26 127.0.0.1 (pid 2892) :Pri:ERREUR: Erreur mysql 1146
Aug 30 11:14:26 127.0.0.1 (pid 2892) :Pri:ERREUR: Table 'spip.spip_documents' doesn't exist - SHOW CREATE TABLE `spip_documents`
Aug 30 11:14:26 127.0.0.1 (pid 2892) :Pri:ERREUR: Erreur mysql 1146
Aug 30 11:14:26 127.0.0.1 (pid 2892) :Pri:ERREUR: Table 'spip.spip_mots' doesn't exist - SHOW CREATE TABLE `spip_mots`
Aug 30 11:14:26 127.0.0.1 (pid 2892) :Pri:ERREUR: Erreur mysql 1146
Aug 30 11:14:26 127.0.0.1 (pid 2892) :Pri:ERREUR: Table 'spip.spip_groupes_mots' doesn't exist - SHOW CREATE TABLE `spip_groupes_mots`
Aug 30 11:14:26 127.0.0.1 (pid 2892) :Pri:ERREUR: Erreur mysql 1146
Aug 30 11:14:26 127.0.0.1 (pid 2892) :Pri:ERREUR: Table 'spip.spip_messages' doesn't exist - SHOW CREATE TABLE `spip_messages`
Aug 30 11:14:26 127.0.0.1 (pid 2892) :Pri:ERREUR: Erreur mysql 1146
Aug 30 11:14:26 127.0.0.1 (pid 2892) :Pri:ERREUR: Table 'spip.spip_petitions' doesn't exist - SHOW CREATE TABLE `spip_petitions`
Aug 30 11:14:26 127.0.0.1 (pid 2892) :Pri:ERREUR: Erreur mysql 1146
Aug 30 11:14:26 127.0.0.1 (pid 2892) :Pri:ERREUR: Table 'spip.spip_signatures' doesn't exist - SHOW CREATE TABLE `spip_signatures`
Aug 30 11:14:26 127.0.0.1 (pid 2892) :Pri:ERREUR: Erreur mysql 1146
Aug 30 11:14:26 127.0.0.1 (pid 2892) :Pri:ERREUR: Table 'spip.spip_syndic' doesn't exist - SHOW CREATE TABLE `spip_syndic`
Aug 30 11:14:26 127.0.0.1 (pid 2892) :Pri:ERREUR: Erreur mysql 1146
Aug 30 11:14:26 127.0.0.1 (pid 2892) :Pri:ERREUR: Table 'spip.spip_syndic_articles' doesn't exist - SHOW CREATE TABLE `spip_syndic_articles`
Aug 30 11:14:26 127.0.0.1 (pid 2892) :Pri:ERREUR: Erreur mysql 1146
Aug 30 11:14:26 127.0.0.1 (pid 2892) :Pri:ERREUR: Table 'spip.spip_depots' doesn't exist - SHOW CREATE TABLE `spip_depots`
Aug 30 11:14:26 127.0.0.1 (pid 2892) :Pri:ERREUR: Erreur mysql 1146
Aug 30 11:14:26 127.0.0.1 (pid 2892) :Pri:ERREUR: Table 'spip.spip_plugins' doesn't exist - SHOW CREATE TABLE `spip_plugins`
Aug 30 11:14:26 127.0.0.1 (pid 2892) :Pri:ERREUR: Erreur mysql 1146
Aug 30 11:14:26 127.0.0.1 (pid 2892) :Pri:ERREUR: Table 'spip.spip_paquets' doesn't exist - SHOW CREATE TABLE `spip_paquets`
Aug 30 11:14:26 127.0.0.1 (pid 2892) :Pri:ERREUR: Erreur mysql 1146
Aug 30 11:14:26 127.0.0.1 (pid 2892) :Pri:ERREUR: Table 'spip.spip_breves' doesn't exist - SHOW CREATE TABLE `spip_breves`
Aug 30 11:14:26 127.0.0.1 (pid 2892) :Pri:cf maj.log
Aug 30 11:14:26 127.0.0.1 (pid 2892) :Pri:cf maj.log
Aug 30 11:14:26 127.0.0.1 (pid 2892) :Pri:cf maj.log
Aug 30 11:14:26 127.0.0.1 (pid 2892) :Pri:ERREUR: Erreur mysql 1146
Aug 30 11:14:26 127.0.0.1 (pid 2892) :Pri:ERREUR: Table 'spip.spip_documents' doesn't exist - SHOW CREATE TABLE `spip_documents`
Aug 30 11:14:26 127.0.0.1 (pid 2892) :Pri:cf maj.log
Aug 30 11:14:26 127.0.0.1 (pid 2892) :Pri:ERREUR: Erreur mysql 1146
Aug 30 11:14:26 127.0.0.1 (pid 2892) :Pri:ERREUR: Table 'spip.spip_types_documents' doesn't exist - SHOW CREATE TABLE `spip_types_documents`
Aug 30 11:14:26 127.0.0.1 (pid 2892) :Pri:ERREUR: Erreur mysql 1146
Aug 30 11:14:26 127.0.0.1 (pid 2892) :Pri:ERREUR: Table 'spip.spip_documents' doesn't exist - SHOW CREATE TABLE `spip_documents`
Aug 30 11:14:26 127.0.0.1 (pid 2892) :Pri:ERREUR: Erreur mysql 1146
Aug 30 11:14:26 127.0.0.1 (pid 2892) :Pri:ERREUR: Table 'spip.spip_documents_liens' doesn't exist - SHOW CREATE TABLE `spip_documents_liens`
Aug 30 11:14:26 127.0.0.1 (pid 2892) :Pri:cf maj.log
Aug 30 11:14:26 127.0.0.1 (pid 2892) :Pri:cf maj.log
Aug 30 11:14:26 127.0.0.1 (pid 2892) :Pri:cf maj.log
Aug 30 11:14:26 127.0.0.1 (pid 2892) :Pri:cf maj.log
Aug 30 11:14:27 127.0.0.1 (pid 2892) :Pri:cf maj.log
Aug 30 11:14:27 127.0.0.1 (pid 2892) :Pri:ERREUR: Erreur mysql 1146
Aug 30 11:14:27 127.0.0.1 (pid 2892) :Pri:ERREUR: Table 'spip.spip_mots' doesn't exist - SHOW CREATE TABLE `spip_mots`
Aug 30 11:14:27 127.0.0.1 (pid 2892) :Pri:ERREUR: Erreur mysql 1146
Aug 30 11:14:27 127.0.0.1 (pid 2892) :Pri:ERREUR: Table 'spip.spip_groupes_mots' doesn't exist - SHOW CREATE TABLE `spip_groupes_mots`
Aug 30 11:14:27 127.0.0.1 (pid 2892) :Pri:ERREUR: Erreur mysql 1146
Aug 30 11:14:27 127.0.0.1 (pid 2892) :Pri:ERREUR: Table 'spip.spip_messages' doesn't exist - SHOW CREATE TABLE `spip_messages`
Aug 30 11:14:27 127.0.0.1 (pid 2892) :Pri:ERREUR: Erreur mysql 1146
Aug 30 11:14:27 127.0.0.1 (pid 2892) :Pri:ERREUR: Table 'spip.spip_petitions' doesn't exist - SHOW CREATE TABLE `spip_petitions`
Aug 30 11:14:27 127.0.0.1 (pid 2892) :Pri:ERREUR: Erreur mysql 1146
Aug 30 11:14:27 127.0.0.1 (pid 2892) :Pri:ERREUR: Table 'spip.spip_signatures' doesn't exist - SHOW CREATE TABLE `spip_signatures`
Aug 30 11:14:27 127.0.0.1 (pid 2892) :Pri:ERREUR: Erreur mysql 1146
Aug 30 11:14:27 127.0.0.1 (pid 2892) :Pri:ERREUR: Table 'spip.spip_syndic' doesn't exist - SHOW CREATE TABLE `spip_syndic`
Aug 30 11:14:27 127.0.0.1 (pid 2892) :Pri:ERREUR: Erreur mysql 1146
Aug 30 11:14:27 127.0.0.1 (pid 2892) :Pri:ERREUR: Table 'spip.spip_syndic_articles' doesn't exist - SHOW CREATE TABLE `spip_syndic_articles`
Aug 30 11:14:27 127.0.0.1 (pid 2892) :Pri:ERREUR: Erreur mysql 1146
Aug 30 11:14:27 127.0.0.1 (pid 2892) :Pri:ERREUR: Table 'spip.spip_depots' doesn't exist - SHOW CREATE TABLE `spip_depots`
Aug 30 11:14:27 127.0.0.1 (pid 2892) :Pri:ERREUR: Erreur mysql 1146
Aug 30 11:14:27 127.0.0.1 (pid 2892) :Pri:ERREUR: Table 'spip.spip_plugins' doesn't exist - SHOW CREATE TABLE `spip_plugins`
Aug 30 11:14:27 127.0.0.1 (pid 2892) :Pri:ERREUR: Erreur mysql 1146
